#
# There is insufficient memory for the Java Runtime Environment to continue.
# Native memory allocation (mmap) failed to map 264241152 bytes for G1 virtual space
# Possible reasons:
#   The system is out of physical RAM or swap space
#   The process is running with CompressedOops enabled, and the Java Heap may be blocking the growth of the native heap
# Possible solutions:
#   Reduce memory load on the system
#   Increase physical memory or swap space
#   Check if swap backing store is full
#   Decrease Java heap size (-Xmx/-Xms)
#   Decrease number of Java threads
#   Decrease Java thread stack sizes (-Xss)
#   Set larger code cache with -XX:ReservedCodeCacheSize=
#   JVM is running with Zero Based Compressed Oops mode in which the Java heap is
#     placed in the first 32GB address space. The Java Heap base address is the
#     maximum limit for the native heap growth. Please use -XX:HeapBaseMinAddress
#     to set the Java Heap base and to place the Java Heap above 32GB virtual address.
# This output file may be truncated or incomplete.
#
#  Out of Memory Error (os_windows.cpp:3769), pid=2880, tid=20976
#
# JRE version:  (17.0.6+1) (build )
# Java VM: OpenJDK 64-Bit Server VM (17.0.6+1-b653.34, mixed mode, sharing, tiered, compressed oops, compressed class ptrs, g1 gc, windows-amd64)
# No core dump will be written. Minidumps are not enabled by default on client versions of Windows
#

---------------  S U M M A R Y ------------

Command Line: git4idea.http.GitAskPassApp Username for 'https://github.com': 

Host: Intel(R) Core(TM) i7-10700 CPU @ 2.90GHz, 16 cores, 15G,  Windows 11 , 64 bit Build 22621 (10.0.22621.317)
Time: Fri Apr 21 17:00:58 2023 Caucasus Standard Time elapsed time: 0.026454 seconds (0d 0h 0m 0s)

---------------  T H R E A D  ---------------

Current thread (0x0000020dc97cc9d0):  JavaThread "Unknown thread" [_thread_in_vm, id=20976, stack(0x0000004978100000,0x0000004978200000)]

Stack: [0x0000004978100000,0x0000004978200000]
Native frames: (J=compiled Java code, j=interpreted, Vv=VM code, C=native code)
V  [jvm.dll+0x683b4a]
V  [jvm.dll+0x842654]
V  [jvm.dll+0x843dfe]
V  [jvm.dll+0x844463]
V  [jvm.dll+0x249b75]
V  [jvm.dll+0x680a19]
V  [jvm.dll+0x674f0a]
V  [jvm.dll+0x309acb]
V  [jvm.dll+0x310f86]
V  [jvm.dll+0x3608ee]
V  [jvm.dll+0x360b1f]
V  [jvm.dll+0x2dfbf8]
V  [jvm.dll+0x2e0b64]
V  [jvm.dll+0x813f41]
V  [jvm.dll+0x36e6a1]
V  [jvm.dll+0x7f347c]
V  [jvm.dll+0x3f0e8f]
V  [jvm.dll+0x3f29d1]
C  [jli.dll+0x526b]
C  [ucrtbase.dll+0x29363]
C  [KERNEL32.DLL+0x1244d]
C  [ntdll.dll+0x5df78]


---------------  P R O C E S S  ---------------

Threads class SMR info:
_java_thread_list=0x00007ffcf7c9c058, length=0, elements={
}

Java Threads: ( => current thread )

Other Threads:
  0x0000020dc9834560 GCTaskThread "GC Thread#0" [stack: 0x0000004978200000,0x0000004978300000] [id=13796]
  0x0000020dc9846fc0 ConcurrentGCThread "G1 Main Marker" [stack: 0x0000004978300000,0x0000004978400000] [id=15872]
  0x0000020dc9847a40 ConcurrentGCThread "G1 Conc#0" [stack: 0x0000004978400000,0x0000004978500000] [id=13948]

[error occurred during error reporting (printing all threads), id 0xc0000005, EXCEPTION_ACCESS_VIOLATION (0xc0000005) at pc=0x00007ffcf7450797]

VM state: not at safepoint (not fully initialized)

VM Mutex/Monitor currently owned by a thread:  ([mutex/lock_event])
[0x0000020dc97ca300] Heap_lock - owner thread: 0x0000020dc97cc9d0

Heap address: 0x0000000704000000, size: 4032 MB, Compressed Oops mode: Zero based, Oop shift amount: 3

CDS archive(s) mapped at: [0x0000000000000000-0x0000000000000000-0x0000000000000000), size 0, SharedBaseAddress: 0x0000000800000000, ArchiveRelocationMode: 0.
Narrow klass base: 0x0000000000000000, Narrow klass shift: 0, Narrow klass range: 0x0

GC Precious Log:
<Empty>

Heap:
 garbage-first heap   total 0K, used 0K [0x0000000704000000, 0x0000000800000000)
  region size 2048K, 0 young (0K), 0 survivors (0K)

[error occurred during error reporting (printing heap information), id 0xc0000005, EXCEPTION_ACCESS_VIOLATION (0xc0000005) at pc=0x00007ffcf783d939]

GC Heap History (0 events):
No events

Dll operation events (1 events):
Event: 0.023 Loaded shared library C:\Program Files\JetBrains\WebStorm 2022.1.2\jbr\bin\java.dll

Deoptimization events (0 events):
No events

Classes unloaded (0 events):
No events

Classes redefined (0 events):
No events

Internal exceptions (0 events):
No events

VM Operations (0 events):
No events

Events (0 events):
No events


Dynamic libraries:
0x00007ff79f2c0000 - 0x00007ff79f2ca000 	C:\Program Files\JetBrains\WebStorm 2022.1.2\jbr\bin\java.exe
0x00007ffd59210000 - 0x00007ffd59424000 	C:\WINDOWS\SYSTEM32\ntdll.dll
0x00007ffd58630000 - 0x00007ffd586f2000 	C:\WINDOWS\System32\KERNEL32.DLL
0x00007ffd566f0000 - 0x00007ffd56a8c000 	C:\WINDOWS\System32\KERNELBASE.dll
0x00007ffd56e40000 - 0x00007ffd56f51000 	C:\WINDOWS\System32\ucrtbase.dll
0x00007ffd0b170000 - 0x00007ffd0b187000 	C:\Program Files\JetBrains\WebStorm 2022.1.2\jbr\bin\jli.dll
0x00007ffd58f70000 - 0x00007ffd5911b000 	C:\WINDOWS\System32\USER32.dll
0x00007ffd56650000 - 0x00007ffd56676000 	C:\WINDOWS\System32\win32u.dll
0x00007ffd3fcf0000 - 0x00007ffd3ff7e000 	C:\WINDOWS\WinSxS\amd64_microsoft.windows.common-controls_6595b64144ccf1df_6.0.22621.317_none_a9434687c10c9fa2\COMCTL32.dll
0x00007ffd58ee0000 - 0x00007ffd58f09000 	C:\WINDOWS\System32\GDI32.dll
0x00007ffd56ca0000 - 0x00007ffd56db2000 	C:\WINDOWS\System32\gdi32full.dll
0x00007ffd59120000 - 0x00007ffd591c7000 	C:\WINDOWS\System32\msvcrt.dll
0x00007ffd56a90000 - 0x00007ffd56b2a000 	C:\WINDOWS\System32\msvcp_win.dll
0x00007ffd41c80000 - 0x00007ffd41c9b000 	C:\Program Files\JetBrains\WebStorm 2022.1.2\jbr\bin\VCRUNTIME140.dll
0x00007ffd585f0000 - 0x00007ffd58621000 	C:\WINDOWS\System32\IMM32.DLL
0x00007ffd432c0000 - 0x00007ffd432cc000 	C:\Program Files\JetBrains\WebStorm 2022.1.2\jbr\bin\vcruntime140_1.dll
0x00007ffd2bbb0000 - 0x00007ffd2bc3d000 	C:\Program Files\JetBrains\WebStorm 2022.1.2\jbr\bin\msvcp140.dll
0x00007ffcf7160000 - 0x00007ffcf7dcd000 	C:\Program Files\JetBrains\WebStorm 2022.1.2\jbr\bin\server\jvm.dll
0x00007ffd57cc0000 - 0x00007ffd57d6e000 	C:\WINDOWS\System32\ADVAPI32.dll
0x00007ffd58710000 - 0x00007ffd587b4000 	C:\WINDOWS\System32\sechost.dll
0x00007ffd584d0000 - 0x00007ffd585e5000 	C:\WINDOWS\System32\RPCRT4.dll
0x00007ffd4b250000 - 0x00007ffd4b25a000 	C:\WINDOWS\SYSTEM32\VERSION.dll
0x00007ffd3b180000 - 0x00007ffd3b1b4000 	C:\WINDOWS\SYSTEM32\WINMM.dll
0x00007ffd2ea60000 - 0x00007ffd2ea69000 	C:\WINDOWS\SYSTEM32\WSOCK32.dll
0x00007ffd571f0000 - 0x00007ffd57261000 	C:\WINDOWS\System32\WS2_32.dll
0x00007ffd556c0000 - 0x00007ffd556d8000 	C:\WINDOWS\SYSTEM32\kernel.appcore.dll
0x00007ffd392d0000 - 0x00007ffd392da000 	C:\Program Files\JetBrains\WebStorm 2022.1.2\jbr\bin\jimage.dll
0x00007ffd54150000 - 0x00007ffd5437e000 	C:\WINDOWS\SYSTEM32\DBGHELP.DLL
0x00007ffd57df0000 - 0x00007ffd58179000 	C:\WINDOWS\System32\combase.dll
0x00007ffd57270000 - 0x00007ffd57347000 	C:\WINDOWS\System32\OLEAUT32.dll
0x00007ffd439f0000 - 0x00007ffd43a22000 	C:\WINDOWS\SYSTEM32\dbgcore.DLL
0x00007ffd56dc0000 - 0x00007ffd56e3b000 	C:\WINDOWS\System32\bcryptPrimitives.dll
0x00007ffd0b330000 - 0x00007ffd0b355000 	C:\Program Files\JetBrains\WebStorm 2022.1.2\jbr\bin\java.dll

dbghelp: loaded successfully - version: 4.0.5 - missing functions: none
symbol engine: initialized successfully - sym options: 0x614 - pdb path: .;C:\Program Files\JetBrains\WebStorm 2022.1.2\jbr\bin;C:\WINDOWS\SYSTEM32;C:\WINDOWS\WinSxS\amd64_microsoft.windows.common-controls_6595b64144ccf1df_6.0.22621.317_none_a9434687c10c9fa2;C:\Program Files\JetBrains\WebStorm 2022.1.2\jbr\bin\server

VM Arguments:
java_command: git4idea.http.GitAskPassApp Username for 'https://github.com': 
java_class_path (initial): C:/Program Files/JetBrains/WebStorm 2022.1.2/plugins/vcs-git/lib/git4idea-rt.jar;C:/Program Files/JetBrains/WebStorm 2022.1.2/lib/externalProcess-rt.jar;C:/Program Files/JetBrains/WebStorm 2022.1.2/lib/app.jar;C:/Program Files/JetBrains/WebStorm 2022.1.2/lib/3rd-party-rt.jar
Launcher Type: SUN_STANDARD

[Global flags]
     intx CICompilerCount                          = 12                                        {product} {ergonomic}
     uint ConcGCThreads                            = 3                                         {product} {ergonomic}
     uint G1ConcRefinementThreads                  = 13                                        {product} {ergonomic}
   size_t G1HeapRegionSize                         = 2097152                                   {product} {ergonomic}
    uintx GCDrainStackTargetSize                   = 64                                        {product} {ergonomic}
   size_t InitialHeapSize                          = 264241152                                 {product} {ergonomic}
   size_t MarkStackSize                            = 4194304                                   {product} {ergonomic}
   size_t MaxHeapSize                              = 4227858432                                {product} {ergonomic}
   size_t MinHeapDeltaBytes                        = 2097152                                   {product} {ergonomic}
   size_t MinHeapSize                              = 8388608                                   {product} {ergonomic}
    uintx NonNMethodCodeHeapSize                   = 7602480                                {pd product} {ergonomic}
    uintx NonProfiledCodeHeapSize                  = 122027880                              {pd product} {ergonomic}
    uintx ProfiledCodeHeapSize                     = 122027880                              {pd product} {ergonomic}
    uintx ReservedCodeCacheSize                    = 251658240                              {pd product} {ergonomic}
     bool SegmentedCodeCache                       = true                                      {product} {ergonomic}
   size_t SoftMaxHeapSize                          = 4227858432                             {manageable} {ergonomic}
     bool UseCompressedClassPointers               = true                           {product lp64_product} {ergonomic}
     bool UseCompressedOops                        = true                           {product lp64_product} {ergonomic}
     bool UseG1GC                                  = true                                      {product} {ergonomic}
     bool UseLargePagesIndividualAllocation        = false                                  {pd product} {ergonomic}

Logging:
Log output configuration:
 #0: stdout all=warning uptime,level,tags
 #1: stderr all=off uptime,level,tags

Environment Variables:
PATH=C:/Program Files/Git/mingw64/libexec/git-core;C:/Program Files/Git/mingw64/libexec/git-core;C:\Program Files\Git\mingw64\bin;C:\Program Files\Git\usr\bin;C:\Users\artur.jomardyan\bin;C:\WINDOWS\system32;C:\WINDOWS;C:\WINDOWS\System32\Wbem;C:\WINDOWS\System32\WindowsPowerShell\v1.0\;C:\WINDOWS\System32\OpenSSH\;C:\Program Files\nodejs\;C:\Program Files\Git\cmd;C:\Users\artur.jomardyan\AppData\Local\Microsoft\WindowsApps;C:\Users\artur.jomardyan\AppData\Roaming\npm;C:\Users\artur.jomardyan\AppData\Local\Programs\Microsoft VS Code\bin
USERNAME=artur.jomardyan
DISPLAY=:0.0
LC_ALL=en_US.UTF-8
TERM=xterm-256color
TMPDIR=C:\Users\ARTUR~1.JOM\AppData\Local\Temp
OS=Windows_NT
PROCESSOR_IDENTIFIER=Intel64 Family 6 Model 165 Stepping 5, GenuineIntel
TMP=C:\Users\ARTUR~1.JOM\AppData\Local\Temp
TEMP=C:\Users\ARTUR~1.JOM\AppData\Local\Temp



---------------  S Y S T E M  ---------------

OS:
 Windows 11 , 64 bit Build 22621 (10.0.22621.317)
OS uptime: 7 days 0:20 hours

CPU: total 16 (initial active 16) (8 cores per cpu, 2 threads per core) family 6 model 165 stepping 5 microcode 0xf0, cx8, cmov, fxsr, ht, mmx, 3dnowpref, sse, sse2, sse3, ssse3, sse4.1, sse4.2, popcnt, lzcnt, tsc, tscinvbit, avx, avx2, aes, erms, clmul, bmi1, bmi2, adx, fma, vzeroupper, clflush, clflushopt

Memory: 4k page, system-wide physical 16121M (2605M free)
TotalPageFile size 20217M (AvailPageFile size 13M)
current process WorkingSet (physical memory assigned to process): 11M, peak: 11M
current process commit charge ("private bytes"): 70M, peak: 322M

vm_info: OpenJDK 64-Bit Server VM (17.0.6+1-b653.34) for windows-amd64 JRE (17.0.6+1-b653.34), built on 2023-02-24 by "builduser" with MS VC++ 16.10 / 16.11 (VS2019)

END.
